<?xml version="1.0" encoding="UTF-8"?>
<testng-results ignored="0" total="1" passed="1" failed="0" skipped="0">
  <reporter-output>
    <line>
      <![CDATA[how are you]]>
    </line>
  </reporter-output>
  <suite started-at="2022-05-31T06:37:59Z" name="Default suite" finished-at="2022-05-31T06:38:00Z" duration-ms="472">
    <groups>
    </groups>
    <test started-at="2022-05-31T06:37:59Z" name="Default test" finished-at="2022-05-31T06:38:00Z" duration-ms="472">
      <class name="practice3.practicePipeline3Test">
        <test-method signature="practice1Test()[pri:0, instance:practice3.practicePipeline3Test@188b6035]" started-at="2022-05-31T06:37:59Z" name="practice1Test" finished-at="2022-05-31T06:37:59Z" duration-ms="168" status="PASS">
          <reporter-output>
            <line>
              <![CDATA[how are you]]>
            </line>
          </reporter-output>
        </test-method> <!-- practice1Test -->
      </class> <!-- practice3.practicePipeline3Test -->
    </test> <!-- Default test -->
  </suite> <!-- Default suite -->
</testng-results>
